#0 building with "desktop-linux" instance using docker driver

#1 [web internal] load build definition from Dockerfile
#1 transferring dockerfile: 496B done
#1 DONE 0.0s

#2 [web auth] library/node:pull token for registry-1.docker.io
#2 DONE 0.0s

#3 [web internal] load metadata for docker.io/library/node:18-alpine
#3 DONE 1.2s

#4 [web internal] load .dockerignore
#4 transferring context: 2B done
#4 DONE 0.0s

#5 [web 1/6] FROM docker.io/library/node:18-alpine@sha256:8d6421d663b4c28fd3ebc498332f249011d118945588d0a35cb9bc4b8ca09d9e
#5 resolve docker.io/library/node:18-alpine@sha256:8d6421d663b4c28fd3ebc498332f249011d118945588d0a35cb9bc4b8ca09d9e done
#5 DONE 0.0s

#6 [web internal] load build context
#6 transferring context: 1.93kB done
#6 DONE 0.0s

#7 [web 2/6] WORKDIR /usr/src/app
#7 CACHED

#8 [web 3/6] COPY package*.json ./
#8 CACHED

#9 [web 4/6] RUN npm install
#9 CACHED

#10 [web 5/6] COPY . .
#10 DONE 0.0s

#11 [web 6/6] RUN mkdir -p public/uploads &&     mkdir -p public/assets
#11 DONE 0.1s

#12 [web] exporting to image
#12 exporting layers 0.0s done
#12 exporting manifest sha256:406ee6cbec2c004b4f9d8f510e5a00efd6e2d848e31c5012e3a2db9ef4225039 done
#12 exporting config sha256:005e85e47d688cf0db743d547c3d9bca1fec03bde100c8daf174dd740efcadea done
#12 exporting attestation manifest sha256:8739014ef35c858a2ccbae07a1ce386b2a836ce620f1f887abeab496c02193a1 done
#12 exporting manifest list sha256:2c892204b0e39c6b3a854de691ad1ff3ec931f46f8a8dd31b5f99e238ef212aa done
#12 naming to docker.io/library/dockerfor372-web:latest done
#12 unpacking to docker.io/library/dockerfor372-web:latest 0.0s done
#12 DONE 0.1s

#13 [web] resolving provenance for metadata file
#13 DONE 0.0s
Attaching to mongodb-1, web-1
mongodb-1  | {"t":{"$date":"2025-04-16T01:36:37.867+00:00"},"s":"I",  "c":"CONTROL",  "id":23285,   "ctx":"main","msg":"Automatically disabling TLS 1.0, to force-enable TLS 1.0 specify --sslDisabledProtocols 'none'"}
mongodb-1  | {"t":{"$date":"2025-04-16T01:36:37.869+00:00"},"s":"I",  "c":"NETWORK",  "id":4915701, "ctx":"main","msg":"Initialized wire specification","attr":{"spec":{"incomingExternalClient":{"minWireVersion":0,"maxWireVersion":17},"incomingInternalClient":{"minWireVersion":0,"maxWireVersion":17},"outgoing":{"minWireVersion":6,"maxWireVersion":17},"isInternalClient":true}}}
mongodb-1  | {"t":{"$date":"2025-04-16T01:36:37.869+00:00"},"s":"I",  "c":"NETWORK",  "id":4648601, "ctx":"main","msg":"Implicit TCP FastOpen unavailable. If TCP FastOpen is required, set tcpFastOpenServer, tcpFastOpenClient, and tcpFastOpenQueueSize."}
mongodb-1  | {"t":{"$date":"2025-04-16T01:36:37.870+00:00"},"s":"I",  "c":"REPL",     "id":5123008, "ctx":"main","msg":"Successfully registered PrimaryOnlyService","attr":{"service":"TenantMigrationDonorService","namespace":"config.tenantMigrationDonors"}}
mongodb-1  | {"t":{"$date":"2025-04-16T01:36:37.870+00:00"},"s":"I",  "c":"REPL",     "id":5123008, "ctx":"main","msg":"Successfully registered PrimaryOnlyService","attr":{"service":"TenantMigrationRecipientService","namespace":"config.tenantMigrationRecipients"}}
mongodb-1  | {"t":{"$date":"2025-04-16T01:36:37.870+00:00"},"s":"I",  "c":"REPL",     "id":5123008, "ctx":"main","msg":"Successfully registered PrimaryOnlyService","attr":{"service":"ShardSplitDonorService","namespace":"config.tenantSplitDonors"}}
mongodb-1  | {"t":{"$date":"2025-04-16T01:36:37.870+00:00"},"s":"I",  "c":"CONTROL",  "id":5945603, "ctx":"main","msg":"Multi threading initialized"}
mongodb-1  | {"t":{"$date":"2025-04-16T01:36:37.871+00:00"},"s":"I",  "c":"CONTROL",  "id":4615611, "ctx":"initandlisten","msg":"MongoDB starting","attr":{"pid":1,"port":27017,"dbPath":"/data/db","architecture":"64-bit","host":"a54afa1d7b76"}}
mongodb-1  | {"t":{"$date":"2025-04-16T01:36:37.871+00:00"},"s":"I",  "c":"CONTROL",  "id":23403,   "ctx":"initandlisten","msg":"Build Info","attr":{"buildInfo":{"version":"6.0.22","gitVersion":"ee527360b84c6798535ee0895de3c7186b3522f9","openSSLVersion":"OpenSSL 3.0.2 15 Mar 2022","modules":[],"allocator":"tcmalloc","environment":{"distmod":"ubuntu2204","distarch":"aarch64","target_arch":"aarch64"}}}}
mongodb-1  | {"t":{"$date":"2025-04-16T01:36:37.871+00:00"},"s":"I",  "c":"CONTROL",  "id":51765,   "ctx":"initandlisten","msg":"Operating System","attr":{"os":{"name":"Ubuntu","version":"22.04"}}}
mongodb-1  | {"t":{"$date":"2025-04-16T01:36:37.871+00:00"},"s":"I",  "c":"CONTROL",  "id":21951,   "ctx":"initandlisten","msg":"Options set by command line","attr":{"options":{"net":{"bindIp":"*"}}}}
mongodb-1  | {"t":{"$date":"2025-04-16T01:36:37.871+00:00"},"s":"I",  "c":"STORAGE",  "id":22270,   "ctx":"initandlisten","msg":"Storage engine to use detected by data files","attr":{"dbpath":"/data/db","storageEngine":"wiredTiger"}}
mongodb-1  | {"t":{"$date":"2025-04-16T01:36:37.872+00:00"},"s":"I",  "c":"STORAGE",  "id":22297,   "ctx":"initandlisten","msg":"Using the XFS filesystem is strongly recommended with the WiredTiger storage engine. See http://dochub.mongodb.org/core/prodnotes-filesystem","tags":["startupWarnings"]}
mongodb-1  | {"t":{"$date":"2025-04-16T01:36:37.872+00:00"},"s":"I",  "c":"STORAGE",  "id":22315,   "ctx":"initandlisten","msg":"Opening WiredTiger","attr":{"config":"create,cache_size=3406M,session_max=33000,eviction=(threads_min=4,threads_max=4),config_base=false,statistics=(fast),log=(enabled=true,remove=true,path=journal,compressor=snappy),builtin_extension_config=(zstd=(compression_level=6)),file_manager=(close_idle_time=600,close_scan_interval=10,close_handle_minimum=2000),statistics_log=(wait=0),json_output=(error,message),verbose=[recovery_progress:1,checkpoint_progress:1,compact_progress:1,backup:0,checkpoint:0,compact:0,evict:0,history_store:0,recovery:0,rts:0,salvage:0,tiered:0,timestamp:0,transaction:0,verify:0,log:0],"}}
web-1      | Server running on port 6543
mongodb-1  | {"t":{"$date":"2025-04-16T01:36:38.560+00:00"},"s":"I",  "c":"WTRECOV",  "id":22430,   "ctx":"initandlisten","msg":"WiredTiger message","attr":{"message":{"ts_sec":1744767398,"ts_usec":560412,"thread":"1:0xffffa0fed040","session_name":"txn-recover","category":"WT_VERB_RECOVERY_PROGRESS","category_id":30,"verbose_level":"DEBUG","verbose_level_id":1,"msg":"Recovering log 1 through 2"}}}
mongodb-1  | {"t":{"$date":"2025-04-16T01:36:38.644+00:00"},"s":"I",  "c":"WTRECOV",  "id":22430,   "ctx":"initandlisten","msg":"WiredTiger message","attr":{"message":{"ts_sec":1744767398,"ts_usec":644540,"thread":"1:0xffffa0fed040","session_name":"txn-recover","category":"WT_VERB_RECOVERY_PROGRESS","category_id":30,"verbose_level":"DEBUG","verbose_level_id":1,"msg":"Recovering log 2 through 2"}}}
mongodb-1  | {"t":{"$date":"2025-04-16T01:36:38.723+00:00"},"s":"I",  "c":"WTRECOV",  "id":22430,   "ctx":"initandlisten","msg":"WiredTiger message","attr":{"message":{"ts_sec":1744767398,"ts_usec":723254,"thread":"1:0xffffa0fed040","session_name":"txn-recover","category":"WT_VERB_RECOVERY_PROGRESS","category_id":30,"verbose_level":"DEBUG","verbose_level_id":1,"msg":"Main recovery loop: starting at 1/27264 to 2/256"}}}
mongodb-1  | {"t":{"$date":"2025-04-16T01:36:38.752+00:00"},"s":"I",  "c":"WTRECOV",  "id":22430,   "ctx":"initandlisten","msg":"WiredTiger message","attr":{"message":{"ts_sec":1744767398,"ts_usec":752604,"thread":"1:0xffffa0fed040","session_name":"txn-recover","category":"WT_VERB_RECOVERY_PROGRESS","category_id":30,"verbose_level":"DEBUG","verbose_level_id":1,"msg":"Recovering log 1 through 2"}}}
mongodb-1  | {"t":{"$date":"2025-04-16T01:36:38.770+00:00"},"s":"I",  "c":"WTRECOV",  "id":22430,   "ctx":"initandlisten","msg":"WiredTiger message","attr":{"message":{"ts_sec":1744767398,"ts_usec":770070,"thread":"1:0xffffa0fed040","session_name":"txn-recover","category":"WT_VERB_RECOVERY_PROGRESS","category_id":30,"verbose_level":"DEBUG","verbose_level_id":1,"msg":"Recovering log 2 through 2"}}}
mongodb-1  | {"t":{"$date":"2025-04-16T01:36:38.783+00:00"},"s":"I",  "c":"WTRECOV",  "id":22430,   "ctx":"initandlisten","msg":"WiredTiger message","attr":{"message":{"ts_sec":1744767398,"ts_usec":783520,"thread":"1:0xffffa0fed040","session_name":"txn-recover","category":"WT_VERB_RECOVERY_PROGRESS","category_id":30,"verbose_level":"DEBUG","verbose_level_id":1,"msg":"recovery log replay has successfully finished and ran for 224 milliseconds"}}}
mongodb-1  | {"t":{"$date":"2025-04-16T01:36:38.783+00:00"},"s":"I",  "c":"WTRECOV",  "id":22430,   "ctx":"initandlisten","msg":"WiredTiger message","attr":{"message":{"ts_sec":1744767398,"ts_usec":783618,"thread":"1:0xffffa0fed040","session_name":"txn-recover","category":"WT_VERB_RECOVERY_PROGRESS","category_id":30,"verbose_level":"DEBUG","verbose_level_id":1,"msg":"Set global recovery timestamp: (0, 0)"}}}
mongodb-1  | {"t":{"$date":"2025-04-16T01:36:38.783+00:00"},"s":"I",  "c":"WTRECOV",  "id":22430,   "ctx":"initandlisten","msg":"WiredTiger message","attr":{"message":{"ts_sec":1744767398,"ts_usec":783630,"thread":"1:0xffffa0fed040","session_name":"txn-recover","category":"WT_VERB_RECOVERY_PROGRESS","category_id":30,"verbose_level":"DEBUG","verbose_level_id":1,"msg":"Set global oldest timestamp: (0, 0)"}}}
mongodb-1  | {"t":{"$date":"2025-04-16T01:36:38.783+00:00"},"s":"I",  "c":"WTRECOV",  "id":22430,   "ctx":"initandlisten","msg":"WiredTiger message","attr":{"message":{"ts_sec":1744767398,"ts_usec":783819,"thread":"1:0xffffa0fed040","session_name":"txn-recover","category":"WT_VERB_RECOVERY_PROGRESS","category_id":30,"verbose_level":"DEBUG","verbose_level_id":1,"msg":"recovery rollback to stable has successfully finished and ran for 0 milliseconds"}}}
mongodb-1  | {"t":{"$date":"2025-04-16T01:36:38.784+00:00"},"s":"I",  "c":"WTCHKPT",  "id":22430,   "ctx":"initandlisten","msg":"WiredTiger message","attr":{"message":{"ts_sec":1744767398,"ts_usec":784689,"thread":"1:0xffffa0fed040","session_name":"WT_SESSION.checkpoint","category":"WT_VERB_CHECKPOINT_PROGRESS","category_id":6,"verbose_level":"DEBUG","verbose_level_id":1,"msg":"saving checkpoint snapshot min: 1, snapshot max: 1 snapshot count: 0, oldest timestamp: (0, 0) , meta checkpoint timestamp: (0, 0) base write gen: 16"}}}
mongodb-1  | {"t":{"$date":"2025-04-16T01:36:38.789+00:00"},"s":"I",  "c":"WTRECOV",  "id":22430,   "ctx":"initandlisten","msg":"WiredTiger message","attr":{"message":{"ts_sec":1744767398,"ts_usec":789739,"thread":"1:0xffffa0fed040","session_name":"txn-recover","category":"WT_VERB_RECOVERY_PROGRESS","category_id":30,"verbose_level":"DEBUG","verbose_level_id":1,"msg":"recovery checkpoint has successfully finished and ran for 5 milliseconds"}}}
mongodb-1  | {"t":{"$date":"2025-04-16T01:36:38.789+00:00"},"s":"I",  "c":"WTRECOV",  "id":22430,   "ctx":"initandlisten","msg":"WiredTiger message","attr":{"message":{"ts_sec":1744767398,"ts_usec":789771,"thread":"1:0xffffa0fed040","session_name":"txn-recover","category":"WT_VERB_RECOVERY_PROGRESS","category_id":30,"verbose_level":"DEBUG","verbose_level_id":1,"msg":"recovery was completed successfully and took 230ms, including 224ms for the log replay, 0ms for the rollback to stable, and 5ms for the checkpoint."}}}
mongodb-1  | {"t":{"$date":"2025-04-16T01:36:38.790+00:00"},"s":"I",  "c":"STORAGE",  "id":4795906, "ctx":"initandlisten","msg":"WiredTiger opened","attr":{"durationMillis":918}}
mongodb-1  | {"t":{"$date":"2025-04-16T01:36:38.790+00:00"},"s":"I",  "c":"RECOVERY", "id":23987,   "ctx":"initandlisten","msg":"WiredTiger recoveryTimestamp","attr":{"recoveryTimestamp":{"$timestamp":{"t":0,"i":0}}}}
mongodb-1  | {"t":{"$date":"2025-04-16T01:36:38.793+00:00"},"s":"W",  "c":"CONTROL",  "id":22120,   "ctx":"initandlisten","msg":"Access control is not enabled for the database. Read and write access to data and configuration is unrestricted","tags":["startupWarnings"]}
mongodb-1  | {"t":{"$date":"2025-04-16T01:36:38.793+00:00"},"s":"W",  "c":"CONTROL",  "id":22178,   "ctx":"initandlisten","msg":"/sys/kernel/mm/transparent_hugepage/enabled is 'always'. We suggest setting it to 'never' in this binary version","tags":["startupWarnings"]}
mongodb-1  | {"t":{"$date":"2025-04-16T01:36:38.793+00:00"},"s":"W",  "c":"CONTROL",  "id":5123300, "ctx":"initandlisten","msg":"vm.max_map_count is too low","attr":{"currentValue":262144,"recommendedMinimum":1677720,"maxConns":838860},"tags":["startupWarnings"]}
mongodb-1  | {"t":{"$date":"2025-04-16T01:36:38.795+00:00"},"s":"I",  "c":"NETWORK",  "id":4915702, "ctx":"initandlisten","msg":"Updated wire specification","attr":{"oldSpec":{"incomingExternalClient":{"minWireVersion":0,"maxWireVersion":17},"incomingInternalClient":{"minWireVersion":0,"maxWireVersion":17},"outgoing":{"minWireVersion":6,"maxWireVersion":17},"isInternalClient":true},"newSpec":{"incomingExternalClient":{"minWireVersion":0,"maxWireVersion":17},"incomingInternalClient":{"minWireVersion":17,"maxWireVersion":17},"outgoing":{"minWireVersion":17,"maxWireVersion":17},"isInternalClient":true}}}
mongodb-1  | {"t":{"$date":"2025-04-16T01:36:38.795+00:00"},"s":"I",  "c":"REPL",     "id":5853300, "ctx":"initandlisten","msg":"current featureCompatibilityVersion value","attr":{"featureCompatibilityVersion":"6.0","context":"startup"}}
mongodb-1  | {"t":{"$date":"2025-04-16T01:36:38.795+00:00"},"s":"I",  "c":"STORAGE",  "id":5071100, "ctx":"initandlisten","msg":"Clearing temp directory"}
mongodb-1  | {"t":{"$date":"2025-04-16T01:36:38.796+00:00"},"s":"I",  "c":"CONTROL",  "id":20536,   "ctx":"initandlisten","msg":"Flow Control is enabled on this deployment"}
mongodb-1  | {"t":{"$date":"2025-04-16T01:36:38.796+00:00"},"s":"I",  "c":"FTDC",     "id":20625,   "ctx":"initandlisten","msg":"Initializing full-time diagnostic data capture","attr":{"dataDirectory":"/data/db/diagnostic.data"}}
mongodb-1  | {"t":{"$date":"2025-04-16T01:36:38.798+00:00"},"s":"I",  "c":"REPL",     "id":6015317, "ctx":"initandlisten","msg":"Setting new configuration state","attr":{"newState":"ConfigReplicationDisabled","oldState":"ConfigPreStart"}}
mongodb-1  | {"t":{"$date":"2025-04-16T01:36:38.798+00:00"},"s":"I",  "c":"STORAGE",  "id":22262,   "ctx":"initandlisten","msg":"Timestamp monitor starting"}
mongodb-1  | {"t":{"$date":"2025-04-16T01:36:38.799+00:00"},"s":"I",  "c":"NETWORK",  "id":23015,   "ctx":"listener","msg":"Listening on","attr":{"address":"/tmp/mongodb-27017.sock"}}
mongodb-1  | {"t":{"$date":"2025-04-16T01:36:38.799+00:00"},"s":"I",  "c":"NETWORK",  "id":23015,   "ctx":"listener","msg":"Listening on","attr":{"address":"0.0.0.0"}}
mongodb-1  | {"t":{"$date":"2025-04-16T01:36:38.799+00:00"},"s":"I",  "c":"NETWORK",  "id":23016,   "ctx":"listener","msg":"Waiting for connections","attr":{"port":27017,"ssl":"off"}}
mongodb-1  | {"t":{"$date":"2025-04-16T01:36:38.799+00:00"},"s":"I",  "c":"CONTROL",  "id":8423403, "ctx":"initandlisten","msg":"mongod startup complete","attr":{"Summary of time elapsed":{"Startup from clean shutdown?":true,"Statistics":{"Transport layer setup":"0 ms","Run initial syncer crash recovery":"0 ms","Create storage engine lock file in the data directory":"0 ms","Create storage engine lock file in the data directory":"0 ms","Get metadata describing storage engine":"0 ms","Get metadata describing storage engine":"0 ms","Validate options in metadata against current startup options":"0 ms","Validate options in metadata against current startup options":"0 ms","Create storage engine":"0 ms","Create storage engine":"919 ms","Write current PID to file":"0 ms","Write current PID to file":"0 ms","Initialize FCV before rebuilding indexes":"0 ms","Initialize FCV before rebuilding indexes":"2 ms","Drop abandoned idents and get back indexes that need to be rebuilt or builds that need to be restarted":"0 ms","Drop abandoned idents and get back indexes that need to be rebuilt or builds that need to be restarted":"0 ms","Rebuild indexes for collections":"0 ms","Rebuild indexes for collections":"0 ms","Build user and roles graph":"0 ms","Set up the background thread pool responsible for waiting for opTimes to be majority committed":"0 ms","Start up the replication coordinator":"1 ms","Start transport layer":"0 ms","_initAndListen total elapsed time":"928 ms"}}}}
mongodb-1  | {"t":{"$date":"2025-04-16T01:37:38.800+00:00"},"s":"I",  "c":"WTCHKPT",  "id":22430,   "ctx":"Checkpointer","msg":"WiredTiger message","attr":{"message":{"ts_sec":1744767458,"ts_usec":799729,"thread":"1:0xffff97b4ebc0","session_name":"WT_SESSION.checkpoint","category":"WT_VERB_CHECKPOINT_PROGRESS","category_id":6,"verbose_level":"DEBUG","verbose_level_id":1,"msg":"saving checkpoint snapshot min: 3, snapshot max: 3 snapshot count: 0, oldest timestamp: (0, 0) , meta checkpoint timestamp: (0, 0) base write gen: 16"}}}
mongodb-1  | {"t":{"$date":"2025-04-16T01:38:38.816+00:00"},"s":"I",  "c":"WTCHKPT",  "id":22430,   "ctx":"Checkpointer","msg":"WiredTiger message","attr":{"message":{"ts_sec":1744767518,"ts_usec":815916,"thread":"1:0xffff97b4ebc0","session_name":"WT_SESSION.checkpoint","category":"WT_VERB_CHECKPOINT_PROGRESS","category_id":6,"verbose_level":"DEBUG","verbose_level_id":1,"msg":"saving checkpoint snapshot min: 6, snapshot max: 6 snapshot count: 0, oldest timestamp: (0, 0) , meta checkpoint timestamp: (0, 0) base write gen: 16"}}}
mongodb-1  | {"t":{"$date":"2025-04-16T01:39:38.832+00:00"},"s":"I",  "c":"WTCHKPT",  "id":22430,   "ctx":"Checkpointer","msg":"WiredTiger message","attr":{"message":{"ts_sec":1744767578,"ts_usec":831297,"thread":"1:0xffff97b4ebc0","session_name":"WT_SESSION.checkpoint","category":"WT_VERB_CHECKPOINT_PROGRESS","category_id":6,"verbose_level":"DEBUG","verbose_level_id":1,"msg":"saving checkpoint snapshot min: 8, snapshot max: 8 snapshot count: 0, oldest timestamp: (0, 0) , meta checkpoint timestamp: (0, 0) base write gen: 16"}}}
mongodb-1  | {"t":{"$date":"2025-04-16T01:40:38.849+00:00"},"s":"I",  "c":"WTCHKPT",  "id":22430,   "ctx":"Checkpointer","msg":"WiredTiger message","attr":{"message":{"ts_sec":1744767638,"ts_usec":848653,"thread":"1:0xffff97b4ebc0","session_name":"WT_SESSION.checkpoint","category":"WT_VERB_CHECKPOINT_PROGRESS","category_id":6,"verbose_level":"DEBUG","verbose_level_id":1,"msg":"saving checkpoint snapshot min: 10, snapshot max: 10 snapshot count: 0, oldest timestamp: (0, 0) , meta checkpoint timestamp: (0, 0) base write gen: 16"}}}
mongodb-1  | {"t":{"$date":"2025-04-16T01:41:38.865+00:00"},"s":"I",  "c":"WTCHKPT",  "id":22430,   "ctx":"Checkpointer","msg":"WiredTiger message","attr":{"message":{"ts_sec":1744767698,"ts_usec":865667,"thread":"1:0xffff97b4ebc0","session_name":"WT_SESSION.checkpoint","category":"WT_VERB_CHECKPOINT_PROGRESS","category_id":6,"verbose_level":"DEBUG","verbose_level_id":1,"msg":"saving checkpoint snapshot min: 12, snapshot max: 12 snapshot count: 0, oldest timestamp: (0, 0) , meta checkpoint timestamp: (0, 0) base write gen: 16"}}}
mongodb-1  | {"t":{"$date":"2025-04-16T01:42:38.878+00:00"},"s":"I",  "c":"WTCHKPT",  "id":22430,   "ctx":"Checkpointer","msg":"WiredTiger message","attr":{"message":{"ts_sec":1744767758,"ts_usec":877915,"thread":"1:0xffff97b4ebc0","session_name":"WT_SESSION.checkpoint","category":"WT_VERB_CHECKPOINT_PROGRESS","category_id":6,"verbose_level":"DEBUG","verbose_level_id":1,"msg":"saving checkpoint snapshot min: 14, snapshot max: 14 snapshot count: 0, oldest timestamp: (0, 0) , meta checkpoint timestamp: (0, 0) base write gen: 16"}}}
mongodb-1  | {"t":{"$date":"2025-04-16T01:43:38.890+00:00"},"s":"I",  "c":"WTCHKPT",  "id":22430,   "ctx":"Checkpointer","msg":"WiredTiger message","attr":{"message":{"ts_sec":1744767818,"ts_usec":889526,"thread":"1:0xffff97b4ebc0","session_name":"WT_SESSION.checkpoint","category":"WT_VERB_CHECKPOINT_PROGRESS","category_id":6,"verbose_level":"DEBUG","verbose_level_id":1,"msg":"saving checkpoint snapshot min: 16, snapshot max: 16 snapshot count: 0, oldest timestamp: (0, 0) , meta checkpoint timestamp: (0, 0) base write gen: 16"}}}
